<?xml version="1.0" encoding="UTF-8"?>
<!-- Generated by org.testng.reporters.JUnitXMLReporter -->
<testsuite ignored="0" hostname="DESKTOP-04RCDMD" failures="0" tests="3" name="Default test" time="2.87" errors="0" timestamp="2026-02-17T12:36:35 IST">
  <testcase classname="tests.LoginTest" name="loginTest1" time="0.069"/>
  <testcase classname="tests.LoginTest" name="loginTest2" time="2.371"/>
  <testcase classname="tests.LoginTest" name="loginTest3" time="0.305"/>
</testsuite> <!-- Default test -->
