<?xml version="1.0" encoding="UTF-8"?>
<!-- Generated by org.testng.reporters.JUnitXMLReporter -->
<testsuite ignored="2" hostname="DESKTOP-04RCDMD" failures="3" tests="3" name="Test" time="1.04" errors="0" timestamp="2026-03-11T09:39:28 IST">
  <testcase classname="tests.LoginTest" name="loginTest1" time="0.047">
    <failure type="java.lang.NullPointerException" message="Cannot invoke &amp;quot;org.openqa.selenium.WebDriver.getTitle()&amp;quot; because &amp;quot;this.driver&amp;quot; is null">
      <![CDATA[java.lang.NullPointerException: Cannot invoke "org.openqa.selenium.WebDriver.getTitle()" because "this.driver" is null
at tests.LoginTest.loginTest1(LoginTest.java:27)
at java.base/java.util.ArrayList.forEach(ArrayList.java:1596)
... Removed 25 stack frames]]>
    </failure>
  </testcase> <!-- loginTest1 -->
  <testcase classname="tests.LoginTest" name="loginTest2" time="0.799">
    <failure type="java.lang.NullPointerException" message="Cannot invoke &amp;quot;pages.LoginPage.login(String, String, String)&amp;quot; because &amp;quot;this.loginPage&amp;quot; is null">
      <![CDATA[java.lang.NullPointerException: Cannot invoke "pages.LoginPage.login(String, String, String)" because "this.loginPage" is null
at tests.LoginTest.loginTest2(LoginTest.java:40)
at java.base/java.util.ArrayList.forEach(ArrayList.java:1596)
... Removed 25 stack frames]]>
    </failure>
  </testcase> <!-- loginTest2 -->
  <testcase classname="tests.LoginTest" name="loginTest4" time="0.091">
    <failure type="java.lang.NullPointerException" message="Cannot invoke &amp;quot;pages.LoginPage.login(String, String, String)&amp;quot; because &amp;quot;this.loginPage&amp;quot; is null">
      <![CDATA[java.lang.NullPointerException: Cannot invoke "pages.LoginPage.login(String, String, String)" because "this.loginPage" is null
at tests.LoginTest.loginTest4(LoginTest.java:63)
at java.base/java.util.ArrayList.forEach(ArrayList.java:1596)
... Removed 25 stack frames]]>
    </failure>
  </testcase> <!-- loginTest4 -->
  <testcase classname="tests.LoginTest" name="loginTest3" time="0.0">
    <ignored/>
  </testcase> <!-- loginTest3 -->
  <testcase classname="tests.LoginTest" name="loginTest5" time="0.0">
    <ignored/>
  </testcase> <!-- loginTest5 -->
</testsuite> <!-- Test -->
