<?xml version="1.0" encoding="UTF-8"?>
<testng-results ignored="0" total="3" passed="3" failed="0" skipped="0">
  <reporter-output>
    <line>
      <![CDATA[After Method TestCase Executing]]>
    </line>
    <line>
      <![CDATA[Before Method TestCase Executing]]>
    </line>
    <line>
      <![CDATA[After Method TestCase Executing]]>
    </line>
    <line>
      <![CDATA[Before Method TestCase Executing]]>
    </line>
    <line>
      <![CDATA[Logged in Successfully]]>
    </line>
    <line>
      <![CDATA[After Method TestCase Executing]]>
    </line>
    <line>
      <![CDATA[Before Method TestCase Executing]]>
    </line>
    <line>
      <![CDATA[Your username is invalid!]]>
    </line>
  </reporter-output>
  <suite started-at="2026-02-16T21:35:36 IST" name="Propixes Automation Suite" finished-at="2026-02-16T21:35:39 IST" duration-ms="2845">
    <groups>
    </groups>
    <test started-at="2026-02-16T21:35:36 IST" name="Test" finished-at="2026-02-16T21:35:39 IST" duration-ms="2845">
      <class name="tests.LoginTest">
        <test-method is-config="true" signature="Setup()[pri:0, instance:tests.LoginTest@4d14b6c2]" started-at="2026-02-16T21:35:30 IST" name="Setup" finished-at="2026-02-16T21:35:36 IST" duration-ms="5955" status="PASS">
          <reporter-output>
          </reporter-output>
        </test-method> <!-- Setup -->
        <test-method is-config="true" signature="AfterTestcases()[pri:0, instance:tests.LoginTest@4d14b6c2]" started-at="2026-02-16T21:35:36 IST" name="AfterTestcases" finished-at="2026-02-16T21:35:36 IST" duration-ms="1" status="PASS">
          <reporter-output>
            <line>
              <![CDATA[After Method TestCase Executing]]>
            </line>
          </reporter-output>
        </test-method> <!-- AfterTestcases -->
        <test-method is-config="true" signature="BeforeTestcases()[pri:0, instance:tests.LoginTest@4d14b6c2]" started-at="2026-02-16T21:35:36 IST" name="BeforeTestcases" finished-at="2026-02-16T21:35:36 IST" duration-ms="0" status="PASS">
          <reporter-output>
            <line>
              <![CDATA[Before Method TestCase Executing]]>
            </line>
          </reporter-output>
        </test-method> <!-- BeforeTestcases -->
        <test-method signature="loginTest1()[pri:0, instance:tests.LoginTest@4d14b6c2]" started-at="2026-02-16T21:35:36 IST" name="loginTest1" finished-at="2026-02-16T21:35:36 IST" duration-ms="48" status="PASS">
          <reporter-output>
          </reporter-output>
        </test-method> <!-- loginTest1 -->
        <test-method is-config="true" signature="AfterTestcases()[pri:0, instance:tests.LoginTest@4d14b6c2]" started-at="2026-02-16T21:35:36 IST" name="AfterTestcases" finished-at="2026-02-16T21:35:36 IST" duration-ms="0" status="PASS">
          <reporter-output>
            <line>
              <![CDATA[After Method TestCase Executing]]>
            </line>
          </reporter-output>
        </test-method> <!-- AfterTestcases -->
        <test-method is-config="true" signature="BeforeTestcases()[pri:0, instance:tests.LoginTest@4d14b6c2]" started-at="2026-02-16T21:35:36 IST" name="BeforeTestcases" finished-at="2026-02-16T21:35:36 IST" duration-ms="0" status="PASS">
          <reporter-output>
            <line>
              <![CDATA[Before Method TestCase Executing]]>
            </line>
          </reporter-output>
        </test-method> <!-- BeforeTestcases -->
        <test-method signature="loginTest2()[pri:0, instance:tests.LoginTest@4d14b6c2]" started-at="2026-02-16T21:35:36 IST" name="loginTest2" finished-at="2026-02-16T21:35:39 IST" duration-ms="2462" status="PASS">
          <reporter-output>
            <line>
              <![CDATA[Logged in Successfully]]>
            </line>
          </reporter-output>
        </test-method> <!-- loginTest2 -->
        <test-method is-config="true" signature="AfterTestcases()[pri:0, instance:tests.LoginTest@4d14b6c2]" started-at="2026-02-16T21:35:39 IST" name="AfterTestcases" finished-at="2026-02-16T21:35:39 IST" duration-ms="1" status="PASS">
          <reporter-output>
            <line>
              <![CDATA[After Method TestCase Executing]]>
            </line>
          </reporter-output>
        </test-method> <!-- AfterTestcases -->
        <test-method is-config="true" signature="BeforeTestcases()[pri:0, instance:tests.LoginTest@4d14b6c2]" started-at="2026-02-16T21:35:39 IST" name="BeforeTestcases" finished-at="2026-02-16T21:35:39 IST" duration-ms="0" status="PASS">
          <reporter-output>
            <line>
              <![CDATA[Before Method TestCase Executing]]>
            </line>
          </reporter-output>
        </test-method> <!-- BeforeTestcases -->
        <test-method signature="loginTest3()[pri:0, instance:tests.LoginTest@4d14b6c2]" started-at="2026-02-16T21:35:39 IST" name="loginTest3" finished-at="2026-02-16T21:35:39 IST" duration-ms="236" status="PASS">
          <reporter-output>
            <line>
              <![CDATA[Your username is invalid!]]>
            </line>
          </reporter-output>
        </test-method> <!-- loginTest3 -->
        <test-method is-config="true" signature="TearDown()[pri:0, instance:tests.LoginTest@4d14b6c2]" started-at="2026-02-16T21:35:39 IST" name="TearDown" finished-at="2026-02-16T21:35:39 IST" duration-ms="305" status="PASS">
          <reporter-output>
          </reporter-output>
        </test-method> <!-- TearDown -->
      </class> <!-- tests.LoginTest -->
    </test> <!-- Test -->
  </suite> <!-- Propixes Automation Suite -->
</testng-results>
