<?xml version="1.0" encoding="UTF-8"?>
<testsuite xmlns:xsi="http://www.w3.org/2001/XMLSchema-instance" xsi:noNamespaceSchemaLocation="https://maven.apache.org/surefire/maven-surefire-plugin/xsd/surefire-test-report-3.0.xsd" version="3.0" name="TestSuite" time="9.67" tests="3" errors="0" skipped="0" failures="0">
  <properties>
[...]
</properties>
  <testcase name="loginTest1" classname="tests.LoginTest" time="0.056">
    <system-out><![CDATA[After Method TestCase Executing
Before Method TestCase Executing
]]></system-out>
    <system-err><![CDATA[SLF4J(W): No SLF4J providers were found.
SLF4J(W): Defaulting to no-operation (NOP) logger implementation
SLF4J(W): See https://www.slf4j.org/codes.html#noProviders for further details.
]]></system-err>
  </testcase>
  <testcase name="loginTest2" classname="tests.LoginTest" time="2.461">
    <system-out><![CDATA[After Method TestCase Executing
Before Method TestCase Executing
Logged in Successfully
]]></system-out>
  </testcase>
  <testcase name="loginTest3" classname="tests.LoginTest" time="0.236">
    <system-out><![CDATA[After Method TestCase Executing
Before Method TestCase Executing
Your username is invalid!
]]></system-out>
  </testcase>
</testsuite>