<?xml version="1.0" encoding="UTF-8"?>
<testng-results ignored="0" total="3" passed="3" failed="0" skipped="0">
  <reporter-output>
    <line>
      <![CDATA[Before suit started]]>
    </line>
    <line>
      <![CDATA[Driver initialised]]>
    </line>
    <line>
      <![CDATA[Before Method TestCase Executing]]>
    </line>
    <line>
      <![CDATA[Test Case 1 Executing]]>
    </line>
    <line>
      <![CDATA[Test Case 1 Executed]]>
    </line>
    <line>
      <![CDATA[After Method TestCase Executing]]>
    </line>
    <line>
      <![CDATA[Before Method TestCase Executing]]>
    </line>
    <line>
      <![CDATA[Test Case 2 Executing]]>
    </line>
    <line>
      <![CDATA[Logged in Successfully]]>
    </line>
    <line>
      <![CDATA[Test Case 2 Executed]]>
    </line>
    <line>
      <![CDATA[After Method TestCase Executing]]>
    </line>
    <line>
      <![CDATA[Before Method TestCase Executing]]>
    </line>
    <line>
      <![CDATA[Test Case 3 Executing]]>
    </line>
    <line>
      <![CDATA[Your username is invalid!]]>
    </line>
    <line>
      <![CDATA[Test Case 3 Executed]]>
    </line>
    <line>
      <![CDATA[After Method TestCase Executing]]>
    </line>
    <line>
      <![CDATA[Driver quiting]]>
    </line>
    <line>
      <![CDATA[After suit executed]]>
    </line>
  </reporter-output>
  <suite started-at="2026-02-17T12:36:32 IST" name="Default suite" finished-at="2026-02-17T12:36:35 IST" duration-ms="2870">
    <groups>
    </groups>
    <test started-at="2026-02-17T12:36:32 IST" name="Default test" finished-at="2026-02-17T12:36:35 IST" duration-ms="2870">
      <class name="tests.LoginTest">
        <test-method is-config="true" signature="Setup()[pri:0, instance:tests.LoginTest@35b74c5c]" started-at="2026-02-17T12:36:28 IST" name="Setup" finished-at="2026-02-17T12:36:32 IST" duration-ms="4243" status="PASS">
          <reporter-output>
            <line>
              <![CDATA[Before suit started]]>
            </line>
            <line>
              <![CDATA[Driver initialised]]>
            </line>
          </reporter-output>
        </test-method> <!-- Setup -->
        <test-method is-config="true" signature="BeforeTestcases()[pri:0, instance:tests.LoginTest@35b74c5c]" started-at="2026-02-17T12:36:32 IST" name="BeforeTestcases" finished-at="2026-02-17T12:36:32 IST" duration-ms="0" status="PASS">
          <reporter-output>
            <line>
              <![CDATA[Before Method TestCase Executing]]>
            </line>
          </reporter-output>
        </test-method> <!-- BeforeTestcases -->
        <test-method signature="loginTest1()[pri:0, instance:tests.LoginTest@35b74c5c]" started-at="2026-02-17T12:36:32 IST" name="loginTest1" finished-at="2026-02-17T12:36:33 IST" duration-ms="69" status="PASS">
          <reporter-output>
            <line>
              <![CDATA[Test Case 1 Executing]]>
            </line>
            <line>
              <![CDATA[Test Case 1 Executed]]>
            </line>
          </reporter-output>
        </test-method> <!-- loginTest1 -->
        <test-method is-config="true" signature="AfterTestcases()[pri:0, instance:tests.LoginTest@35b74c5c]" started-at="2026-02-17T12:36:33 IST" name="AfterTestcases" finished-at="2026-02-17T12:36:33 IST" duration-ms="1" status="PASS">
          <reporter-output>
            <line>
              <![CDATA[After Method TestCase Executing]]>
            </line>
          </reporter-output>
        </test-method> <!-- AfterTestcases -->
        <test-method is-config="true" signature="BeforeTestcases()[pri:0, instance:tests.LoginTest@35b74c5c]" started-at="2026-02-17T12:36:33 IST" name="BeforeTestcases" finished-at="2026-02-17T12:36:33 IST" duration-ms="1" status="PASS">
          <reporter-output>
            <line>
              <![CDATA[Before Method TestCase Executing]]>
            </line>
          </reporter-output>
        </test-method> <!-- BeforeTestcases -->
        <test-method signature="loginTest2()[pri:0, instance:tests.LoginTest@35b74c5c]" started-at="2026-02-17T12:36:33 IST" name="loginTest2" finished-at="2026-02-17T12:36:35 IST" duration-ms="2371" status="PASS">
          <reporter-output>
            <line>
              <![CDATA[Test Case 2 Executing]]>
            </line>
            <line>
              <![CDATA[Logged in Successfully]]>
            </line>
            <line>
              <![CDATA[Test Case 2 Executed]]>
            </line>
          </reporter-output>
        </test-method> <!-- loginTest2 -->
        <test-method is-config="true" signature="AfterTestcases()[pri:0, instance:tests.LoginTest@35b74c5c]" started-at="2026-02-17T12:36:35 IST" name="AfterTestcases" finished-at="2026-02-17T12:36:35 IST" duration-ms="0" status="PASS">
          <reporter-output>
            <line>
              <![CDATA[After Method TestCase Executing]]>
            </line>
          </reporter-output>
        </test-method> <!-- AfterTestcases -->
        <test-method is-config="true" signature="BeforeTestcases()[pri:0, instance:tests.LoginTest@35b74c5c]" started-at="2026-02-17T12:36:35 IST" name="BeforeTestcases" finished-at="2026-02-17T12:36:35 IST" duration-ms="1" status="PASS">
          <reporter-output>
            <line>
              <![CDATA[Before Method TestCase Executing]]>
            </line>
          </reporter-output>
        </test-method> <!-- BeforeTestcases -->
        <test-method signature="loginTest3()[pri:0, instance:tests.LoginTest@35b74c5c]" started-at="2026-02-17T12:36:35 IST" name="loginTest3" finished-at="2026-02-17T12:36:35 IST" duration-ms="305" status="PASS">
          <reporter-output>
            <line>
              <![CDATA[Test Case 3 Executing]]>
            </line>
            <line>
              <![CDATA[Your username is invalid!]]>
            </line>
            <line>
              <![CDATA[Test Case 3 Executed]]>
            </line>
          </reporter-output>
        </test-method> <!-- loginTest3 -->
        <test-method is-config="true" signature="AfterTestcases()[pri:0, instance:tests.LoginTest@35b74c5c]" started-at="2026-02-17T12:36:35 IST" name="AfterTestcases" finished-at="2026-02-17T12:36:35 IST" duration-ms="2" status="PASS">
          <reporter-output>
            <line>
              <![CDATA[After Method TestCase Executing]]>
            </line>
          </reporter-output>
        </test-method> <!-- AfterTestcases -->
        <test-method is-config="true" signature="TearDown()[pri:0, instance:tests.LoginTest@35b74c5c]" started-at="2026-02-17T12:36:35 IST" name="TearDown" finished-at="2026-02-17T12:36:36 IST" duration-ms="329" status="PASS">
          <reporter-output>
            <line>
              <![CDATA[Driver quiting]]>
            </line>
            <line>
              <![CDATA[After suit executed]]>
            </line>
          </reporter-output>
        </test-method> <!-- TearDown -->
      </class> <!-- tests.LoginTest -->
    </test> <!-- Default test -->
  </suite> <!-- Default suite -->
</testng-results>
