<?xml version="1.0" encoding="UTF-8"?>
<!-- Generated by org.testng.reporters.JUnitReportReporter -->
<testsuite hostname="DESKTOP-04RCDMD" failures="0" tests="6" name="tests.LoginTest" time="0.023" errors="1" timestamp="2026-03-08T18:25:31 IST" skipped="5">
  <testcase classname="tests.LoginTest" name="loginTest2" time="0.000">
    <skipped/>
  </testcase> <!-- loginTest2 -->
  <testcase classname="tests.LoginTest" name="loginTest3" time="0.000">
    <skipped/>
  </testcase> <!-- loginTest3 -->
  <testcase classname="tests.LoginTest" name="Setup" time="0.022">
    <error message="Cannot invoke &quot;java.util.Properties.getProperty(String)&quot; because &quot;this.properties&quot; is null" type="java.lang.NullPointerException">
      <![CDATA[java.lang.NullPointerException: Cannot invoke "java.util.Properties.getProperty(String)" because "this.properties" is null
at utils.ConfigReader.Property(ConfigReader.java:21)
at base.BaseTest.Setup(BaseTest.java:24)
at java.base/jdk.internal.reflect.DirectMethodHandleAccessor.invoke(DirectMethodHandleAccessor.java:103)
at java.base/java.lang.reflect.Method.invoke(Method.java:580)
at org.testng.internal.invokers.MethodInvocationHelper.invokeMethod(MethodInvocationHelper.java:141)
at org.testng.internal.invokers.MethodInvocationHelper.invokeMethodConsideringTimeout(MethodInvocationHelper.java:71)
at org.testng.internal.invokers.ConfigInvoker.invokeConfigurationMethod(ConfigInvoker.java:400)
at org.testng.internal.invokers.ConfigInvoker.invokeConfigurations(ConfigInvoker.java:333)
at org.testng.SuiteRunner.privateRun(SuiteRunner.java:358)
at org.testng.SuiteRunner.run(SuiteRunner.java:312)
at org.testng.SuiteRunnerWorker.runSuite(SuiteRunnerWorker.java:52)
at org.testng.SuiteRunnerWorker.run(SuiteRunnerWorker.java:95)
at org.testng.TestNG.runSuitesSequentially(TestNG.java:1274)
at org.testng.TestNG.runSuitesLocally(TestNG.java:1208)
at org.testng.TestNG.runSuites(TestNG.java:1112)
at org.testng.TestNG.run(TestNG.java:1079)
at org.testng.remote.AbstractRemoteTestNG.run(AbstractRemoteTestNG.java:115)
at org.testng.remote.RemoteTestNG.initAndRun(RemoteTestNG.java:293)
at org.testng.remote.RemoteTestNG.main(RemoteTestNG.java:91)
]]>
    </error>
    <system-out>
      <![CDATA[Before suit started]]>
    </system-out>
  </testcase> <!-- Setup -->
  <testcase classname="tests.LoginTest" name="loginTest1" time="0.000">
    <skipped/>
  </testcase> <!-- loginTest1 -->
  <testcase classname="tests.LoginTest" name="loginTest4" time="0.000">
    <skipped/>
  </testcase> <!-- loginTest4 -->
  <testcase classname="tests.LoginTest" name="loginTest5" time="0.001">
    <skipped/>
  </testcase> <!-- loginTest5 -->
  <system-out>
    <![CDATA[Before suit started]]>
  </system-out>
</testsuite> <!-- tests.LoginTest -->
