<?xml version="1.0" encoding="UTF-8"?>
<!-- Generated by org.testng.reporters.JUnitReportReporter -->
<testsuite hostname="DESKTOP-04RCDMD" failures="0" tests="3" name="tests.LoginTest" time="2.750" errors="0" timestamp="2026-02-17T12:36:36 IST" skipped="0">
  <testcase classname="tests.LoginTest" name="loginTest3" time="0.308">
    <system-out>
      <![CDATA[Test Case 3 Executing
Your username is invalid!
Test Case 3 Executed]]>
    </system-out>
  </testcase> <!-- loginTest3 -->
  <testcase classname="tests.LoginTest" name="loginTest1" time="0.071">
    <system-out>
      <![CDATA[Test Case 1 Executing
Test Case 1 Executed]]>
    </system-out>
  </testcase> <!-- loginTest1 -->
  <testcase classname="tests.LoginTest" name="loginTest2" time="2.371">
    <system-out>
      <![CDATA[Test Case 2 Executing
Logged in Successfully
Test Case 2 Executed]]>
    </system-out>
  </testcase> <!-- loginTest2 -->
  <system-out>
    <![CDATA[Before suit started
Driver initialised
Before Method TestCase Executing
Test Case 1 Executing
Test Case 1 Executed
After Method TestCase Executing
Before Method TestCase Executing
Test Case 2 Executing
Logged in Successfully
Test Case 2 Executed
After Method TestCase Executing
Before Method TestCase Executing
Test Case 3 Executing
Your username is invalid!
Test Case 3 Executed
After Method TestCase Executing
Driver quiting
After suit executed]]>
  </system-out>
</testsuite> <!-- tests.LoginTest -->
