<?xml version="1.0" encoding="UTF-8"?>
<!-- Generated by org.testng.reporters.JUnitReportReporter -->
<testsuite hostname="DESKTOP-04RCDMD" failures="0" tests="3" name="tests.LoginTest" time="2.748" errors="0" timestamp="2026-02-16T21:35:39 IST" skipped="0">
  <testcase classname="tests.LoginTest" name="loginTest3" time="0.237">
    <system-out>
      <![CDATA[Your username is invalid!]]>
    </system-out>
  </testcase> <!-- loginTest3 -->
  <testcase classname="tests.LoginTest" name="loginTest1" time="0.049"/>
  <testcase classname="tests.LoginTest" name="loginTest2" time="2.462">
    <system-out>
      <![CDATA[Logged in Successfully]]>
    </system-out>
  </testcase> <!-- loginTest2 -->
  <system-out>
    <![CDATA[After Method TestCase Executing
Before Method TestCase Executing
After Method TestCase Executing
Before Method TestCase Executing
Logged in Successfully
After Method TestCase Executing
Before Method TestCase Executing
Your username is invalid!]]>
  </system-out>
</testsuite> <!-- tests.LoginTest -->
